[0.729s] DEBUG:colcon:Command line arguments: ['/usr/bin/colcon', 'build']
[0.729s] DEBUG:colcon:Parsed command line arguments: Namespace(log_base=None, log_level=None, verb_name='build', build_base='build', install_base='install', merge_install=False, symlink_install=False, test_result_base=None, continue_on_error=False, executor='parallel', parallel_workers=8, event_handlers=None, ignore_user_meta=False, metas=['./colcon.meta'], base_paths=['.'], packages_ignore=None, packages_ignore_regex=None, paths=None, packages_up_to=None, packages_up_to_regex=None, packages_above=None, packages_above_and_dependencies=None, packages_above_depth=None, packages_select_by_dep=None, packages_skip_by_dep=None, packages_skip_up_to=None, packages_select_build_failed=False, packages_skip_build_finished=False, packages_select_test_failures=False, packages_skip_test_passed=False, packages_select=None, packages_skip=None, packages_select_regex=None, packages_skip_regex=None, packages_start=None, packages_end=None, allow_overriding=[], cmake_args=None, cmake_target=None, cmake_target_skip_unavailable=False, cmake_clean_cache=False, cmake_clean_first=False, cmake_force_configure=False, ament_cmake_args=None, catkin_cmake_args=None, catkin_skip_building_tests=False, verb_parser=<colcon_defaults.argument_parser.defaults.DefaultArgumentsDecorator object at 0x70bbc06dcee0>, verb_extension=<colcon_core.verb.build.BuildVerb object at 0x70bbc06dc970>, main=<bound method BuildVerb.main of <colcon_core.verb.build.BuildVerb object at 0x70bbc06dc970>>)
[1.527s] Level 1:colcon.colcon_core.package_discovery:discover_packages(colcon_meta) check parameters
[1.527s] Level 1:colcon.colcon_core.package_discovery:discover_packages(recursive) check parameters
[1.527s] Level 1:colcon.colcon_core.package_discovery:discover_packages(ignore) check parameters
[1.527s] Level 1:colcon.colcon_core.package_discovery:discover_packages(path) check parameters
[1.528s] Level 1:colcon.colcon_core.package_discovery:discover_packages(colcon_meta) discover
[1.528s] Level 1:colcon.colcon_core.package_discovery:discover_packages(recursive) discover
[1.528s] INFO:colcon.colcon_core.package_discovery:Crawling recursively for packages in '/root/ros2_ws/src/dwa_planner/dwa_planner'
[1.528s] Level 1:colcon.colcon_core.package_identification:_identify(.) by extensions ['ignore', 'ignore_ament_install']
[1.528s] Level 1:colcon.colcon_core.package_identification:_identify(.) by extension 'ignore'
[1.528s] Level 1:colcon.colcon_core.package_identification:_identify(.) by extension 'ignore_ament_install'
[1.528s] Level 1:colcon.colcon_core.package_identification:_identify(.) by extensions ['colcon_pkg']
[1.528s] Level 1:colcon.colcon_core.package_identification:_identify(.) by extension 'colcon_pkg'
[1.529s] Level 1:colcon.colcon_core.package_identification:_identify(.) by extensions ['colcon_meta']
[1.529s] Level 1:colcon.colcon_core.package_identification:_identify(.) by extension 'colcon_meta'
[1.529s] Level 1:colcon.colcon_core.package_identification:_identify(.) by extensions ['ros']
[1.529s] Level 1:colcon.colcon_core.package_identification:_identify(.) by extension 'ros'
[1.560s] Level 1:colcon.colcon_core.package_identification:_identify(.) by extensions ['cmake', 'python']
[1.560s] Level 1:colcon.colcon_core.package_identification:_identify(.) by extension 'cmake'
[1.560s] Level 1:colcon.colcon_core.package_identification:_identify(.) by extension 'python'
[1.560s] Level 1:colcon.colcon_core.package_identification:_identify(.) by extensions ['python_setup_py']
[1.560s] Level 1:colcon.colcon_core.package_identification:_identify(.) by extension 'python_setup_py'
[1.561s] Level 1:colcon.colcon_core.package_identification:_identify(__pycache__) by extensions ['ignore', 'ignore_ament_install']
[1.561s] Level 1:colcon.colcon_core.package_identification:_identify(__pycache__) by extension 'ignore'
[1.562s] Level 1:colcon.colcon_core.package_identification:_identify(__pycache__) by extension 'ignore_ament_install'
[1.562s] Level 1:colcon.colcon_core.package_identification:_identify(__pycache__) by extensions ['colcon_pkg']
[1.562s] Level 1:colcon.colcon_core.package_identification:_identify(__pycache__) by extension 'colcon_pkg'
[1.562s] Level 1:colcon.colcon_core.package_identification:_identify(__pycache__) by extensions ['colcon_meta']
[1.562s] Level 1:colcon.colcon_core.package_identification:_identify(__pycache__) by extension 'colcon_meta'
[1.562s] Level 1:colcon.colcon_core.package_identification:_identify(__pycache__) by extensions ['ros']
[1.562s] Level 1:colcon.colcon_core.package_identification:_identify(__pycache__) by extension 'ros'
[1.563s] Level 1:colcon.colcon_core.package_identification:_identify(__pycache__) by extensions ['cmake', 'python']
[1.563s] Level 1:colcon.colcon_core.package_identification:_identify(__pycache__) by extension 'cmake'
[1.563s] Level 1:colcon.colcon_core.package_identification:_identify(__pycache__) by extension 'python'
[1.563s] Level 1:colcon.colcon_core.package_identification:_identify(__pycache__) by extensions ['python_setup_py']
[1.563s] Level 1:colcon.colcon_core.package_identification:_identify(__pycache__) by extension 'python_setup_py'
[1.563s] Level 1:colcon.colcon_core.package_identification:_identify(build) by extensions ['ignore', 'ignore_ament_install']
[1.563s] Level 1:colcon.colcon_core.package_identification:_identify(build) by extension 'ignore'
[1.564s] Level 1:colcon.colcon_core.package_identification:_identify(build) ignored
[1.564s] Level 1:colcon.colcon_core.package_identification:_identify(install) by extensions ['ignore', 'ignore_ament_install']
[1.564s] Level 1:colcon.colcon_core.package_identification:_identify(install) by extension 'ignore'
[1.564s] Level 1:colcon.colcon_core.package_identification:_identify(install) ignored
[1.564s] Level 1:colcon.colcon_core.package_identification:_identify(log) by extensions ['ignore', 'ignore_ament_install']
[1.565s] Level 1:colcon.colcon_core.package_identification:_identify(log) by extension 'ignore'
[1.565s] Level 1:colcon.colcon_core.package_identification:_identify(log) ignored
[1.565s] Level 1:colcon.colcon_core.package_discovery:discover_packages(recursive) using defaults
[1.565s] Level 1:colcon.colcon_core.package_discovery:discover_packages(ignore) discover
[1.565s] Level 1:colcon.colcon_core.package_discovery:discover_packages(ignore) using defaults
[1.565s] Level 1:colcon.colcon_core.package_discovery:discover_packages(path) discover
[1.565s] Level 1:colcon.colcon_core.package_discovery:discover_packages(path) using defaults
[1.684s] Level 1:colcon.colcon_core.package_discovery:discover_packages(prefix_path) check parameters
[1.684s] Level 1:colcon.colcon_core.package_discovery:discover_packages(prefix_path) discover
[1.700s] DEBUG:colcon.colcon_installed_package_information.package_discovery:Found 439 installed packages in /opt/ros/humble
[1.707s] Level 1:colcon.colcon_core.package_discovery:discover_packages(prefix_path) using defaults
[1.905s] INFO:colcon.colcon_core.executor:Executing jobs using 'parallel' executor
[1.908s] DEBUG:colcon.colcon_parallel_executor.executor.parallel:run_until_complete
[1.908s] DEBUG:colcon.colcon_parallel_executor.executor.parallel:closing loop
[1.909s] DEBUG:colcon.colcon_parallel_executor.executor.parallel:loop closed
[1.910s] DEBUG:colcon.colcon_parallel_executor.executor.parallel:run_until_complete finished with '0'
[1.910s] DEBUG:colcon.colcon_core.event_reactor:joining thread
[2.138s] INFO:colcon.colcon_core.plugin_system:Skipping extension 'colcon_notification.desktop_notification.notify_send': Could not find 'notify-send'
[2.139s] INFO:colcon.colcon_core.plugin_system:Skipping extension 'colcon_notification.desktop_notification.terminal_notifier': Not used on non-Darwin systems
[2.139s] INFO:colcon.colcon_core.plugin_system:Skipping extension 'colcon_notification.desktop_notification.win32': Not used on non-Windows systems
[2.139s] INFO:colcon.colcon_notification.desktop_notification:Sending desktop notification using 'notify2'
[2.142s] DEBUG:colcon.colcon_notification.desktop_notification.notify2:Failed to initialize notify2: org.freedesktop.DBus.Error.ServiceUnknown: The name org.freedesktop.Notifications was not provided by any .service files
[2.143s] DEBUG:colcon.colcon_core.event_reactor:joined thread
[2.171s] INFO:colcon.colcon_core.plugin_system:Skipping extension 'colcon_core.shell.bat': Not used on non-Windows systems
[2.172s] INFO:colcon.colcon_core.shell:Creating prefix script '/root/ros2_ws/src/dwa_planner/dwa_planner/install/local_setup.ps1'
[2.178s] INFO:colcon.colcon_core.shell:Creating prefix util module '/root/ros2_ws/src/dwa_planner/dwa_planner/install/_local_setup_util_ps1.py'
[2.182s] INFO:colcon.colcon_core.shell:Creating prefix chain script '/root/ros2_ws/src/dwa_planner/dwa_planner/install/setup.ps1'
[2.187s] INFO:colcon.colcon_core.shell:Creating prefix script '/root/ros2_ws/src/dwa_planner/dwa_planner/install/local_setup.sh'
[2.190s] INFO:colcon.colcon_core.shell:Creating prefix util module '/root/ros2_ws/src/dwa_planner/dwa_planner/install/_local_setup_util_sh.py'
[2.193s] INFO:colcon.colcon_core.shell:Creating prefix chain script '/root/ros2_ws/src/dwa_planner/dwa_planner/install/setup.sh'
[2.197s] INFO:colcon.colcon_core.shell:Creating prefix script '/root/ros2_ws/src/dwa_planner/dwa_planner/install/local_setup.bash'
[2.200s] INFO:colcon.colcon_core.shell:Creating prefix chain script '/root/ros2_ws/src/dwa_planner/dwa_planner/install/setup.bash'
[2.206s] INFO:colcon.colcon_core.shell:Creating prefix script '/root/ros2_ws/src/dwa_planner/dwa_planner/install/local_setup.zsh'
[2.209s] INFO:colcon.colcon_core.shell:Creating prefix chain script '/root/ros2_ws/src/dwa_planner/dwa_planner/install/setup.zsh'
