[1.752s] DEBUG:colcon:Command line arguments: ['/usr/bin/colcon', 'build']
[1.753s] DEBUG:colcon:Parsed command line arguments: Namespace(log_base=None, log_level=None, verb_name='build', build_base='build', install_base='install', merge_install=False, symlink_install=False, test_result_base=None, continue_on_error=False, executor='parallel', parallel_workers=8, event_handlers=None, ignore_user_meta=False, metas=['./colcon.meta'], base_paths=['.'], packages_ignore=None, packages_ignore_regex=None, paths=None, packages_up_to=None, packages_up_to_regex=None, packages_above=None, packages_above_and_dependencies=None, packages_above_depth=None, packages_select_by_dep=None, packages_skip_by_dep=None, packages_skip_up_to=None, packages_select_build_failed=False, packages_skip_build_finished=False, packages_select_test_failures=False, packages_skip_test_passed=False, packages_select=None, packages_skip=None, packages_select_regex=None, packages_skip_regex=None, packages_start=None, packages_end=None, allow_overriding=[], cmake_args=None, cmake_target=None, cmake_target_skip_unavailable=False, cmake_clean_cache=False, cmake_clean_first=False, cmake_force_configure=False, ament_cmake_args=None, catkin_cmake_args=None, catkin_skip_building_tests=False, verb_parser=<colcon_defaults.argument_parser.defaults.DefaultArgumentsDecorator object at 0x70839b320f40>, verb_extension=<colcon_core.verb.build.BuildVerb object at 0x70839b3209d0>, main=<bound method BuildVerb.main of <colcon_core.verb.build.BuildVerb object at 0x70839b3209d0>>)
[3.519s] Level 1:colcon.colcon_core.package_discovery:discover_packages(colcon_meta) check parameters
[3.519s] Level 1:colcon.colcon_core.package_discovery:discover_packages(recursive) check parameters
[3.520s] Level 1:colcon.colcon_core.package_discovery:discover_packages(ignore) check parameters
[3.520s] Level 1:colcon.colcon_core.package_discovery:discover_packages(path) check parameters
[3.520s] Level 1:colcon.colcon_core.package_discovery:discover_packages(colcon_meta) discover
[3.520s] Level 1:colcon.colcon_core.package_discovery:discover_packages(recursive) discover
[3.520s] INFO:colcon.colcon_core.package_discovery:Crawling recursively for packages in '/root/ros2_ws'
[3.521s] Level 1:colcon.colcon_core.package_identification:_identify(.) by extensions ['ignore', 'ignore_ament_install']
[3.521s] Level 1:colcon.colcon_core.package_identification:_identify(.) by extension 'ignore'
[3.521s] Level 1:colcon.colcon_core.package_identification:_identify(.) by extension 'ignore_ament_install'
[3.522s] Level 1:colcon.colcon_core.package_identification:_identify(.) by extensions ['colcon_pkg']
[3.522s] Level 1:colcon.colcon_core.package_identification:_identify(.) by extension 'colcon_pkg'
[3.522s] Level 1:colcon.colcon_core.package_identification:_identify(.) by extensions ['colcon_meta']
[3.522s] Level 1:colcon.colcon_core.package_identification:_identify(.) by extension 'colcon_meta'
[3.522s] Level 1:colcon.colcon_core.package_identification:_identify(.) by extensions ['ros']
[3.523s] Level 1:colcon.colcon_core.package_identification:_identify(.) by extension 'ros'
[3.573s] Level 1:colcon.colcon_core.package_identification:_identify(.) by extensions ['cmake', 'python']
[3.573s] Level 1:colcon.colcon_core.package_identification:_identify(.) by extension 'cmake'
[3.573s] Level 1:colcon.colcon_core.package_identification:_identify(.) by extension 'python'
[3.574s] Level 1:colcon.colcon_core.package_identification:_identify(.) by extensions ['python_setup_py']
[3.574s] Level 1:colcon.colcon_core.package_identification:_identify(.) by extension 'python_setup_py'
[3.574s] Level 1:colcon.colcon_core.package_identification:_identify(build) by extensions ['ignore', 'ignore_ament_install']
[3.575s] Level 1:colcon.colcon_core.package_identification:_identify(build) by extension 'ignore'
[3.575s] Level 1:colcon.colcon_core.package_identification:_identify(build) ignored
[3.575s] Level 1:colcon.colcon_core.package_identification:_identify(install) by extensions ['ignore', 'ignore_ament_install']
[3.576s] Level 1:colcon.colcon_core.package_identification:_identify(install) by extension 'ignore'
[3.576s] Level 1:colcon.colcon_core.package_identification:_identify(install) ignored
[3.576s] Level 1:colcon.colcon_core.package_identification:_identify(log) by extensions ['ignore', 'ignore_ament_install']
[3.577s] Level 1:colcon.colcon_core.package_identification:_identify(log) by extension 'ignore'
[3.577s] Level 1:colcon.colcon_core.package_identification:_identify(log) ignored
[3.578s] Level 1:colcon.colcon_core.package_identification:_identify(src) by extensions ['ignore', 'ignore_ament_install']
[3.579s] Level 1:colcon.colcon_core.package_identification:_identify(src) by extension 'ignore'
[3.579s] Level 1:colcon.colcon_core.package_identification:_identify(src) by extension 'ignore_ament_install'
[3.579s] Level 1:colcon.colcon_core.package_identification:_identify(src) by extensions ['colcon_pkg']
[3.579s] Level 1:colcon.colcon_core.package_identification:_identify(src) by extension 'colcon_pkg'
[3.580s] Level 1:colcon.colcon_core.package_identification:_identify(src) by extensions ['colcon_meta']
[3.580s] Level 1:colcon.colcon_core.package_identification:_identify(src) by extension 'colcon_meta'
[3.580s] Level 1:colcon.colcon_core.package_identification:_identify(src) by extensions ['ros']
[3.580s] Level 1:colcon.colcon_core.package_identification:_identify(src) by extension 'ros'
[3.580s] Level 1:colcon.colcon_core.package_identification:_identify(src) by extensions ['cmake', 'python']
[3.580s] Level 1:colcon.colcon_core.package_identification:_identify(src) by extension 'cmake'
[3.581s] Level 1:colcon.colcon_core.package_identification:_identify(src) by extension 'python'
[3.581s] Level 1:colcon.colcon_core.package_identification:_identify(src) by extensions ['python_setup_py']
[3.581s] Level 1:colcon.colcon_core.package_identification:_identify(src) by extension 'python_setup_py'
[3.582s] Level 1:colcon.colcon_core.package_identification:_identify(src/dwa_planner) by extensions ['ignore', 'ignore_ament_install']
[3.582s] Level 1:colcon.colcon_core.package_identification:_identify(src/dwa_planner) by extension 'ignore'
[3.583s] Level 1:colcon.colcon_core.package_identification:_identify(src/dwa_planner) by extension 'ignore_ament_install'
[3.583s] Level 1:colcon.colcon_core.package_identification:_identify(src/dwa_planner) by extensions ['colcon_pkg']
[3.583s] Level 1:colcon.colcon_core.package_identification:_identify(src/dwa_planner) by extension 'colcon_pkg'
[3.583s] Level 1:colcon.colcon_core.package_identification:_identify(src/dwa_planner) by extensions ['colcon_meta']
[3.583s] Level 1:colcon.colcon_core.package_identification:_identify(src/dwa_planner) by extension 'colcon_meta'
[3.584s] Level 1:colcon.colcon_core.package_identification:_identify(src/dwa_planner) by extensions ['ros']
[3.584s] Level 1:colcon.colcon_core.package_identification:_identify(src/dwa_planner) by extension 'ros'
[3.595s] DEBUG:colcon.colcon_core.package_identification:Package 'src/dwa_planner' with type 'ros.ament_python' and name 'dwa_planner'
[3.595s] Level 1:colcon.colcon_core.package_discovery:discover_packages(recursive) using defaults
[3.595s] Level 1:colcon.colcon_core.package_discovery:discover_packages(ignore) discover
[3.595s] Level 1:colcon.colcon_core.package_discovery:discover_packages(ignore) using defaults
[3.595s] Level 1:colcon.colcon_core.package_discovery:discover_packages(path) discover
[3.595s] Level 1:colcon.colcon_core.package_discovery:discover_packages(path) using defaults
[3.730s] Level 1:colcon.colcon_core.package_discovery:discover_packages(prefix_path) check parameters
[3.734s] Level 1:colcon.colcon_core.package_discovery:discover_packages(prefix_path) discover
[3.762s] DEBUG:colcon.colcon_installed_package_information.package_discovery:Found 439 installed packages in /opt/ros/humble
[3.781s] Level 1:colcon.colcon_core.package_discovery:discover_packages(prefix_path) using defaults
[4.151s] Level 5:colcon.colcon_core.verb:set package 'dwa_planner' build argument 'cmake_args' from command line to 'None'
[4.152s] Level 5:colcon.colcon_core.verb:set package 'dwa_planner' build argument 'cmake_target' from command line to 'None'
[4.152s] Level 5:colcon.colcon_core.verb:set package 'dwa_planner' build argument 'cmake_target_skip_unavailable' from command line to 'False'
[4.153s] Level 5:colcon.colcon_core.verb:set package 'dwa_planner' build argument 'cmake_clean_cache' from command line to 'False'
[4.153s] Level 5:colcon.colcon_core.verb:set package 'dwa_planner' build argument 'cmake_clean_first' from command line to 'False'
[4.153s] Level 5:colcon.colcon_core.verb:set package 'dwa_planner' build argument 'cmake_force_configure' from command line to 'False'
[4.153s] Level 5:colcon.colcon_core.verb:set package 'dwa_planner' build argument 'ament_cmake_args' from command line to 'None'
[4.154s] Level 5:colcon.colcon_core.verb:set package 'dwa_planner' build argument 'catkin_cmake_args' from command line to 'None'
[4.154s] Level 5:colcon.colcon_core.verb:set package 'dwa_planner' build argument 'catkin_skip_building_tests' from command line to 'False'
[4.154s] DEBUG:colcon.colcon_core.verb:Building package 'dwa_planner' with the following arguments: {'ament_cmake_args': None, 'build_base': '/root/ros2_ws/build/dwa_planner', 'catkin_cmake_args': None, 'catkin_skip_building_tests': False, 'cmake_args': None, 'cmake_clean_cache': False, 'cmake_clean_first': False, 'cmake_force_configure': False, 'cmake_target': None, 'cmake_target_skip_unavailable': False, 'install_base': '/root/ros2_ws/install/dwa_planner', 'merge_install': False, 'path': '/root/ros2_ws/src/dwa_planner', 'symlink_install': False, 'test_result_base': None}
[4.156s] INFO:colcon.colcon_core.executor:Executing jobs using 'parallel' executor
[4.167s] DEBUG:colcon.colcon_parallel_executor.executor.parallel:run_until_complete
[4.170s] INFO:colcon.colcon_ros.task.ament_python.build:Building ROS package in '/root/ros2_ws/src/dwa_planner' with build type 'ament_python'
[4.171s] Level 1:colcon.colcon_core.shell:create_environment_hook('dwa_planner', 'ament_prefix_path')
[4.205s] INFO:colcon.colcon_core.plugin_system:Skipping extension 'colcon_core.shell.bat': Not used on non-Windows systems
[4.206s] INFO:colcon.colcon_core.shell:Creating environment hook '/root/ros2_ws/install/dwa_planner/share/dwa_planner/hook/ament_prefix_path.ps1'
[4.212s] INFO:colcon.colcon_core.shell:Creating environment descriptor '/root/ros2_ws/install/dwa_planner/share/dwa_planner/hook/ament_prefix_path.dsv'
[4.215s] INFO:colcon.colcon_core.shell:Creating environment hook '/root/ros2_ws/install/dwa_planner/share/dwa_planner/hook/ament_prefix_path.sh'
[4.218s] INFO:colcon.colcon_core.shell:Skip shell extension 'powershell' for command environment: Not usable outside of PowerShell
[4.219s] DEBUG:colcon.colcon_core.shell:Skip shell extension 'dsv' for command environment
[5.847s] INFO:colcon.colcon_core.task.python.build:Building Python package in '/root/ros2_ws/src/dwa_planner'
[5.848s] INFO:colcon.colcon_core.shell:Skip shell extension 'powershell' for command environment: Not usable outside of PowerShell
[5.848s] DEBUG:colcon.colcon_core.shell:Skip shell extension 'dsv' for command environment
[8.250s] DEBUG:colcon.colcon_core.event_handler.log_command:Invoking command in '/root/ros2_ws/src/dwa_planner': PYTHONPATH=/root/ros2_ws/build/dwa_planner/prefix_override:/usr/lib/python3/dist-packages/colcon_core/task/python/colcon_distutils_commands:/root/ros2_ws/install/dwa_planner/lib/python3.10/site-packages:${PYTHONPATH} /usr/bin/python3 -W ignore:setup.py install is deprecated -W ignore:easy_install command is deprecated setup.py egg_info --egg-base ../../build/dwa_planner build --build-base /root/ros2_ws/build/dwa_planner/build install --record /root/ros2_ws/build/dwa_planner/install.log --single-version-externally-managed install_data
[10.197s] DEBUG:colcon.colcon_core.event_handler.log_command:Invoked command in '/root/ros2_ws/src/dwa_planner' returned '0': PYTHONPATH=/root/ros2_ws/build/dwa_planner/prefix_override:/usr/lib/python3/dist-packages/colcon_core/task/python/colcon_distutils_commands:/root/ros2_ws/install/dwa_planner/lib/python3.10/site-packages:${PYTHONPATH} /usr/bin/python3 -W ignore:setup.py install is deprecated -W ignore:easy_install command is deprecated setup.py egg_info --egg-base ../../build/dwa_planner build --build-base /root/ros2_ws/build/dwa_planner/build install --record /root/ros2_ws/build/dwa_planner/install.log --single-version-externally-managed install_data
[10.220s] Level 1:colcon.colcon_core.environment:checking '/root/ros2_ws/install/dwa_planner' for CMake module files
[10.222s] Level 1:colcon.colcon_core.environment:checking '/root/ros2_ws/install/dwa_planner' for CMake config files
[10.227s] Level 1:colcon.colcon_core.environment:checking '/root/ros2_ws/install/dwa_planner/lib'
[10.228s] Level 1:colcon.colcon_core.environment:checking '/root/ros2_ws/install/dwa_planner/bin'
[10.228s] Level 1:colcon.colcon_core.environment:checking '/root/ros2_ws/install/dwa_planner/lib/pkgconfig/dwa_planner.pc'
[10.229s] Level 1:colcon.colcon_core.environment:checking '/root/ros2_ws/install/dwa_planner/lib/python3.10/site-packages'
[10.230s] Level 1:colcon.colcon_core.shell:create_environment_hook('dwa_planner', 'pythonpath')
[10.231s] INFO:colcon.colcon_core.shell:Creating environment hook '/root/ros2_ws/install/dwa_planner/share/dwa_planner/hook/pythonpath.ps1'
[10.235s] INFO:colcon.colcon_core.shell:Creating environment descriptor '/root/ros2_ws/install/dwa_planner/share/dwa_planner/hook/pythonpath.dsv'
[10.237s] INFO:colcon.colcon_core.shell:Creating environment hook '/root/ros2_ws/install/dwa_planner/share/dwa_planner/hook/pythonpath.sh'
[10.241s] Level 1:colcon.colcon_core.environment:checking '/root/ros2_ws/install/dwa_planner/bin'
[10.241s] Level 1:colcon.colcon_core.environment:create_environment_scripts_only(dwa_planner)
[10.242s] INFO:colcon.colcon_core.shell:Creating package script '/root/ros2_ws/install/dwa_planner/share/dwa_planner/package.ps1'
[10.247s] INFO:colcon.colcon_core.shell:Creating package descriptor '/root/ros2_ws/install/dwa_planner/share/dwa_planner/package.dsv'
[10.251s] INFO:colcon.colcon_core.shell:Creating package script '/root/ros2_ws/install/dwa_planner/share/dwa_planner/package.sh'
[10.255s] INFO:colcon.colcon_core.shell:Creating package script '/root/ros2_ws/install/dwa_planner/share/dwa_planner/package.bash'
[10.261s] INFO:colcon.colcon_core.shell:Creating package script '/root/ros2_ws/install/dwa_planner/share/dwa_planner/package.zsh'
[10.266s] Level 1:colcon.colcon_core.environment:create_file_with_runtime_dependencies(/root/ros2_ws/install/dwa_planner/share/colcon-core/packages/dwa_planner)
[10.267s] DEBUG:colcon.colcon_parallel_executor.executor.parallel:closing loop
[10.269s] DEBUG:colcon.colcon_parallel_executor.executor.parallel:loop closed
[10.269s] DEBUG:colcon.colcon_parallel_executor.executor.parallel:run_until_complete finished with '0'
[10.269s] DEBUG:colcon.colcon_core.event_reactor:joining thread
[10.631s] INFO:colcon.colcon_core.plugin_system:Skipping extension 'colcon_notification.desktop_notification.notify_send': Could not find 'notify-send'
[10.632s] INFO:colcon.colcon_core.plugin_system:Skipping extension 'colcon_notification.desktop_notification.terminal_notifier': Not used on non-Darwin systems
[10.632s] INFO:colcon.colcon_core.plugin_system:Skipping extension 'colcon_notification.desktop_notification.win32': Not used on non-Windows systems
[10.632s] INFO:colcon.colcon_notification.desktop_notification:Sending desktop notification using 'notify2'
[10.636s] DEBUG:colcon.colcon_notification.desktop_notification.notify2:Failed to initialize notify2: org.freedesktop.DBus.Error.ServiceUnknown: The name org.freedesktop.Notifications was not provided by any .service files
[10.637s] DEBUG:colcon.colcon_core.event_reactor:joined thread
[10.638s] INFO:colcon.colcon_core.shell:Creating prefix script '/root/ros2_ws/install/local_setup.ps1'
[10.652s] INFO:colcon.colcon_core.shell:Creating prefix util module '/root/ros2_ws/install/_local_setup_util_ps1.py'
[10.661s] INFO:colcon.colcon_core.shell:Creating prefix chain script '/root/ros2_ws/install/setup.ps1'
[10.665s] INFO:colcon.colcon_core.shell:Creating prefix script '/root/ros2_ws/install/local_setup.sh'
[10.668s] INFO:colcon.colcon_core.shell:Creating prefix util module '/root/ros2_ws/install/_local_setup_util_sh.py'
[10.671s] INFO:colcon.colcon_core.shell:Creating prefix chain script '/root/ros2_ws/install/setup.sh'
[10.676s] INFO:colcon.colcon_core.shell:Creating prefix script '/root/ros2_ws/install/local_setup.bash'
[10.680s] INFO:colcon.colcon_core.shell:Creating prefix chain script '/root/ros2_ws/install/setup.bash'
[10.684s] INFO:colcon.colcon_core.shell:Creating prefix script '/root/ros2_ws/install/local_setup.zsh'
[10.687s] INFO:colcon.colcon_core.shell:Creating prefix chain script '/root/ros2_ws/install/setup.zsh'
