running egg_info
creating ../../build/dwa_planner/dwa_planner.egg-info
writing ../../build/dwa_planner/dwa_planner.egg-info/PKG-INFO
writing dependency_links to ../../build/dwa_planner/dwa_planner.egg-info/dependency_links.txt
writing entry points to ../../build/dwa_planner/dwa_planner.egg-info/entry_points.txt
writing requirements to ../../build/dwa_planner/dwa_planner.egg-info/requires.txt
writing top-level names to ../../build/dwa_planner/dwa_planner.egg-info/top_level.txt
writing manifest file '../../build/dwa_planner/dwa_planner.egg-info/SOURCES.txt'
reading manifest file '../../build/dwa_planner/dwa_planner.egg-info/SOURCES.txt'
writing manifest file '../../build/dwa_planner/dwa_planner.egg-info/SOURCES.txt'
running build
running build_py
creating /root/ros2_ws/build/dwa_planner/build
creating /root/ros2_ws/build/dwa_planner/build/lib
creating /root/ros2_ws/build/dwa_planner/build/lib/dwa_planner
copying dwa_planner/dwa_node.py -> /root/ros2_ws/build/dwa_planner/build/lib/dwa_planner
copying dwa_planner/__init__.py -> /root/ros2_ws/build/dwa_planner/build/lib/dwa_planner
running install
running install_lib
creating /root/ros2_ws/install/dwa_planner/lib/python3.10/site-packages/dwa_planner
copying /root/ros2_ws/build/dwa_planner/build/lib/dwa_planner/dwa_node.py -> /root/ros2_ws/install/dwa_planner/lib/python3.10/site-packages/dwa_planner
copying /root/ros2_ws/build/dwa_planner/build/lib/dwa_planner/__init__.py -> /root/ros2_ws/install/dwa_planner/lib/python3.10/site-packages/dwa_planner
byte-compiling /root/ros2_ws/install/dwa_planner/lib/python3.10/site-packages/dwa_planner/dwa_node.py to dwa_node.cpython-310.pyc
byte-compiling /root/ros2_ws/install/dwa_planner/lib/python3.10/site-packages/dwa_planner/__init__.py to __init__.cpython-310.pyc
running install_data
creating /root/ros2_ws/install/dwa_planner/share/ament_index
creating /root/ros2_ws/install/dwa_planner/share/ament_index/resource_index
creating /root/ros2_ws/install/dwa_planner/share/ament_index/resource_index/packages
copying resource/dwa_planner -> /root/ros2_ws/install/dwa_planner/share/ament_index/resource_index/packages
copying package.xml -> /root/ros2_ws/install/dwa_planner/share/dwa_planner
running install_egg_info
Copying ../../build/dwa_planner/dwa_planner.egg-info to /root/ros2_ws/install/dwa_planner/lib/python3.10/site-packages/dwa_planner-0.0.0-py3.10.egg-info
running install_scripts
Installing dwa_node script to /root/ros2_ws/install/dwa_planner/lib/dwa_planner
writing list of installed files to '/root/ros2_ws/build/dwa_planner/install.log'
