[2.779s] Invoking command in '/root/ros2_ws/src/dwa_planner': PYTHONPATH=/root/ros2_ws/build/dwa_planner/prefix_override:/usr/lib/python3/dist-packages/colcon_core/task/python/colcon_distutils_commands:/root/ros2_ws/install/dwa_planner/lib/python3.10/site-packages:${PYTHONPATH} /usr/bin/python3 -W ignore:setup.py install is deprecated -W ignore:easy_install command is deprecated setup.py egg_info --egg-base ../../build/dwa_planner build --build-base /root/ros2_ws/build/dwa_planner/build install --record /root/ros2_ws/build/dwa_planner/install.log --single-version-externally-managed install_data
[3.714s] running egg_info
[3.715s] creating ../../build/dwa_planner/dwa_planner.egg-info
[3.718s] writing ../../build/dwa_planner/dwa_planner.egg-info/PKG-INFO
[3.719s] writing dependency_links to ../../build/dwa_planner/dwa_planner.egg-info/dependency_links.txt
[3.719s] writing entry points to ../../build/dwa_planner/dwa_planner.egg-info/entry_points.txt
[3.720s] writing requirements to ../../build/dwa_planner/dwa_planner.egg-info/requires.txt
[3.721s] writing top-level names to ../../build/dwa_planner/dwa_planner.egg-info/top_level.txt
[3.722s] writing manifest file '../../build/dwa_planner/dwa_planner.egg-info/SOURCES.txt'
[3.731s] reading manifest file '../../build/dwa_planner/dwa_planner.egg-info/SOURCES.txt'
[3.735s] writing manifest file '../../build/dwa_planner/dwa_planner.egg-info/SOURCES.txt'
[3.738s] running build
[3.739s] running build_py
[3.739s] creating /root/ros2_ws/build/dwa_planner/build
[3.742s] creating /root/ros2_ws/build/dwa_planner/build/lib
[3.744s] creating /root/ros2_ws/build/dwa_planner/build/lib/dwa_planner
[3.745s] copying dwa_planner/dwa_node.py -> /root/ros2_ws/build/dwa_planner/build/lib/dwa_planner
[3.745s] copying dwa_planner/__init__.py -> /root/ros2_ws/build/dwa_planner/build/lib/dwa_planner
[3.746s] running install
[3.747s] running install_lib
[3.752s] creating /root/ros2_ws/install/dwa_planner/lib/python3.10/site-packages/dwa_planner
[3.756s] copying /root/ros2_ws/build/dwa_planner/build/lib/dwa_planner/dwa_node.py -> /root/ros2_ws/install/dwa_planner/lib/python3.10/site-packages/dwa_planner
[3.757s] copying /root/ros2_ws/build/dwa_planner/build/lib/dwa_planner/__init__.py -> /root/ros2_ws/install/dwa_planner/lib/python3.10/site-packages/dwa_planner
[3.759s] byte-compiling /root/ros2_ws/install/dwa_planner/lib/python3.10/site-packages/dwa_planner/dwa_node.py to dwa_node.cpython-310.pyc
[3.767s] byte-compiling /root/ros2_ws/install/dwa_planner/lib/python3.10/site-packages/dwa_planner/__init__.py to __init__.cpython-310.pyc
[3.768s] running install_data
[3.769s] creating /root/ros2_ws/install/dwa_planner/share/ament_index
[3.769s] creating /root/ros2_ws/install/dwa_planner/share/ament_index/resource_index
[3.771s] creating /root/ros2_ws/install/dwa_planner/share/ament_index/resource_index/packages
[3.772s] copying resource/dwa_planner -> /root/ros2_ws/install/dwa_planner/share/ament_index/resource_index/packages
[3.773s] copying package.xml -> /root/ros2_ws/install/dwa_planner/share/dwa_planner
[3.773s] running install_egg_info
[3.780s] Copying ../../build/dwa_planner/dwa_planner.egg-info to /root/ros2_ws/install/dwa_planner/lib/python3.10/site-packages/dwa_planner-0.0.0-py3.10.egg-info
[3.782s] running install_scripts
[3.865s] Installing dwa_node script to /root/ros2_ws/install/dwa_planner/lib/dwa_planner
[3.867s] writing list of installed files to '/root/ros2_ws/build/dwa_planner/install.log'
[3.995s] Invoked command in '/root/ros2_ws/src/dwa_planner' returned '0': PYTHONPATH=/root/ros2_ws/build/dwa_planner/prefix_override:/usr/lib/python3/dist-packages/colcon_core/task/python/colcon_distutils_commands:/root/ros2_ws/install/dwa_planner/lib/python3.10/site-packages:${PYTHONPATH} /usr/bin/python3 -W ignore:setup.py install is deprecated -W ignore:easy_install command is deprecated setup.py egg_info --egg-base ../../build/dwa_planner build --build-base /root/ros2_ws/build/dwa_planner/build install --record /root/ros2_ws/build/dwa_planner/install.log --single-version-externally-managed install_data
